"../../../Engine/Content/EngineMaterials/T_Default_Material_Grid_N.uasset" 0
"../../../Engine/Content/EngineMaterials/T_Default_Material_Grid_M.uasset" 1
"../../../Engine/Content/Functions/Engine_MaterialFunctions01/Opacity/CameraDepthFade.uasset" 2
"../../../Engine/Content/EngineMaterials/WorldGridMaterial.uasset" 3
"../../../Engine/Content/ArtTools/RenderToTexture/Meshes/S_1_Unit_Plane.uasset" 4
"../../../Engine/Content/EngineMaterials/DefaultMaterial.uasset" 5
"../../../Engine/Content/BasicShapes/Cone.uasset" 6
"../../../Engine/Content/BasicShapes/Plane.uasset" 7
"../../../Engine/Content/BasicShapes/Sphere.uasset" 8
"../../../Engine/Content/EditorLandscapeResources/DataLayer.uasset" 9
"../../../Engine/Content/EditorLandscapeResources/DefaultAlphaTexture.uasset" 10
"../../../Engine/Content/EditorMaterials/MAT_Groups_Toggle.uasset" 11
"../../../Engine/Content/EditorMaterials/MAT_Groups_Visibility.uasset" 12
"../../../Engine/Content/EditorMaterials/PreviewShadowIndicator.uasset" 13
"../../../Engine/Content/EditorMaterials/PreviewShadowIndicatorMaterial.uasset" 14
"../../../Engine/Content/EditorMaterials/MatineeGroups/MAT_ColorTrack.uasset" 15
"../../../Engine/Content/EditorMaterials/MatineeGroups/MAT_Groups_Anim.uasset" 16
"../../../Engine/Content/EditorMaterials/MatineeGroups/MAT_Groups_AudioMaster.uasset" 17
"../../../Engine/Content/EditorMaterials/MatineeGroups/MAT_Groups_Director.uasset" 18
"../../../Engine/Content/EditorMaterials/MatineeGroups/MAT_Groups_Event.uasset" 19
"../../../Engine/Content/EditorMaterials/MatineeGroups/MAT_Groups_Fade.uasset" 20
"../../../Engine/Content/EditorMaterials/MatineeGroups/MAT_Groups_Float.uasset" 21
"../../../Engine/Content/EditorMaterials/MatineeGroups/MAT_Groups_Move.uasset" 22
"../../../Engine/Content/EditorMaterials/MatineeGroups/MAT_Groups_Slomo.uasset" 23
"../../../Engine/Content/EditorMaterials/MatineeGroups/MAT_Groups_Sound.uasset" 24
"../../../Engine/Content/EditorMaterials/MatineeGroups/MAT_Groups_Vector.uasset" 25
"../../../Engine/Content/EditorMaterials/ParticleSystems/PSysThumbnail_NoImage.uasset" 26
"../../../Engine/Content/EditorMaterials/ParticleSystems/PSysThumbnail_OOD.uasset" 27
"../../../Engine/Content/EditorMaterials/Camera/CineMat.uasset" 28
"../../../Engine/Content/EditorMaterials/Camera/MI_CineMat_Rig.uasset" 29
"../../../Engine/Content/EditorMeshes/Camera/SM_CraneRig_Arm.uasset" 30
"../../../Engine/Content/EditorMeshes/Camera/SM_CraneRig_Base.uasset" 31
"../../../Engine/Content/EditorMeshes/Camera/SM_CraneRig_Body.uasset" 32
"../../../Engine/Content/EditorMeshes/Camera/SM_CraneRig_Mount.uasset" 33
"../../../Engine/Content/EditorMeshes/Camera/SM_RailRig_Mount.uasset" 34
"../../../Engine/Content/EditorMeshes/Camera/SM_RailRig_Track.uasset" 35
"../../../Engine/Content/EditorResources/BSPVertex.uasset" 36
"../../../Engine/Content/EditorResources/EmptyActor.uasset" 37
"../../../Engine/Content/EditorResources/S_Actor.uasset" 38
"../../../Engine/Content/EditorResources/S_Note.uasset" 39
"../../../Engine/Content/EditorResources/S_Solver.uasset" 40
"../../../Engine/Content/EditorResources/S_Terrain.uasset" 41
"../../../Engine/Content/EditorResources/S_Trigger.uasset" 42
"../../../Engine/Content/EditorResources/LightIcons/S_LightError.uasset" 43
"../../../Engine/Content/EditorResources/SequenceRecorder/Countdown.uasset" 44
"../../../Engine/Content/EditorResources/SequenceRecorder/RecordingIndicator.uasset" 45
"../../../Engine/Content/EngineDamageTypes/DmgTypeBP_Environmental.uasset" 46
"../../../Engine/Content/EngineDebugMaterials/DebugEditorMaterial.uasset" 47
"../../../Engine/Content/EngineDebugMaterials/DebugMeshMaterial.uasset" 48
"../../../Engine/Content/EngineDebugMaterials/M_SimpleUnlitTranslucent.uasset" 49
"../../../Engine/Content/EngineDebugMaterials/VolumeToRender.uasset" 50
"../../../Engine/Content/Functions/Engine_MaterialFunctions02/Utility/CameraDirectionVector.uasset" 51
"../../../Engine/Content/EngineDebugMaterials/M_VolumeRenderSphereTracePP.uasset" 52
"../../../Engine/Content/Functions/Engine_MaterialFunctions01/Shading/ConvertFromDiffSpec.uasset" 53
"../../../Engine/Content/EngineDebugMaterials/VertexColorMaterial.uasset" 54
"../../../Engine/Content/EngineDebugMaterials/WireframeMaterial.uasset" 55
"../../../Engine/Content/EngineFonts/Faces/RobotoRegular.uasset" 56
"../../../Engine/Content/EngineFonts/Faces/RobotoLight.uasset" 57
"../../../Engine/Content/EngineFonts/Faces/RobotoItalic.uasset" 58
"../../../Engine/Content/EngineFonts/Faces/RobotoBoldItalic.uasset" 59
"../../../Engine/Content/EngineFonts/Faces/RobotoBold.uasset" 60
"../../../Engine/Content/EngineFonts/Faces/DroidSansFallback.uasset" 61
"../../../Engine/Content/EngineFonts/Roboto.uasset" 62
"../../../Engine/Content/EngineMaterials/BaseFlattenNormalMap.uasset" 63
"../../../Engine/Content/EngineMaterials/BaseFlattenGrayscaleMap.uasset" 64
"../../../Engine/Content/EngineMaterials/BaseFlattenEmissiveMap.uasset" 65
"../../../Engine/Content/EngineMaterials/BaseFlattenDiffuseMap.uasset" 66
"../../../Engine/Content/EngineMaterials/BaseFlattenMaterial.uasset" 67
"../../../Engine/Content/EngineMaterials/BlueNoise.uasset" 68
"../../../Engine/Content/EngineMaterials/DefaultBloomKernel.uasset" 69
"../../../Engine/Content/EngineMaterials/DefaultBokeh.uasset" 70
"../../../Engine/Content/EngineMaterials/DefaultDiffuse.uasset" 71
"../../../Engine/Content/EngineMaterials/DefaultDeferredDecalMaterial.uasset" 72
"../../../Engine/Content/EngineMaterials/DefaultLightFunctionMaterial.uasset" 73
"../../../Engine/Content/EngineMaterials/DefaultPhysicalMaterial.uasset" 74
"../../../Engine/Content/Functions/Engine_MaterialFunctions02/Utility/BreakOutFloat2Components.uasset" 75
"../../../Engine/Content/EngineMaterials/DefaultPostProcessMaterial.uasset" 76
"../../../Engine/Content/EngineFonts/RobotoDistanceField.uasset" 77
"../../../Engine/Content/EngineMaterials/DefaultTextMaterialOpaque.uasset" 78
"../../../Engine/Content/EngineMaterials/DefaultWhiteGrid.uasset" 79
"../../../Engine/Content/EngineMaterials/DefaultWhiteGrid_Low.uasset" 80
"../../../Engine/Content/EngineMaterials/EmissiveMeshMaterial.uasset" 81
"../../../Engine/Content/EngineMaterials/GizmoMaterial.uasset" 82
"../../../Engine/Content/EngineMaterials/Good64x64TilingNoiseHighFreq.uasset" 83
"../../../Engine/Content/EngineMaterials/MiniFont.uasset" 84
"../../../Engine/Content/EngineMaterials/InvalidLightmapSettings.uasset" 85
"../../../Engine/Content/EngineMaterials/M_InvalidLightmapSettings.uasset" 86
"../../../Engine/Content/Functions/Engine_MaterialFunctions02/WorldPositionOffset/CameraOffset.uasset" 87
"../../../Engine/Content/EngineMaterials/PhAT_JointLimitMaterial.uasset" 88
"../../../Engine/Content/EngineMaterials/PreintegratedSkinBRDF.uasset" 89
"../../../Engine/Content/EngineMaterials/RemoveSurfaceMaterial.uasset" 90
"../../../Engine/Content/EngineMaterials/WeightMapPlaceholderTexture.uasset" 91
"../../../Engine/Content/EngineResources/WhiteSquareTexture.uasset" 92
"../../../Engine/Content/EngineMaterials/Widget3DPassThrough.uasset" 93
"../../../Engine/Content/EngineMaterials/Widget3DPassThrough_Masked.uasset" 94
"../../../Engine/Content/EngineMaterials/Widget3DPassThrough_Opaque.uasset" 95
"../../../Engine/Content/EngineMaterials/Widget3DPassThrough_Masked_OneSided.uasset" 96
"../../../Engine/Content/EngineMaterials/Widget3DPassThrough_Opaque_OneSided.uasset" 97
"../../../Engine/Content/EngineMaterials/Widget3DPassThrough_Translucent.uasset" 98
"../../../Engine/Content/EngineMaterials/Widget3DPassThrough_Translucent_OneSided.uasset" 99
"../../../Engine/Content/EngineMeshes/Cube.uasset" 100
"../../../Engine/Content/EngineMeshes/Cylinder.uasset" 101
"../../../Engine/Content/EngineMeshes/Sphere.uasset" 102
"../../../Engine/Content/EngineResources/Black.uasset" 103
"../../../Engine/Content/EngineResources/DefaultTextureCube.uasset" 104
"../../../Engine/Content/EngineResources/DefaultVolumeTexture2D.uasset" 105
"../../../Engine/Content/EngineResources/DefaultVolumeTexture.uasset" 106
"../../../Engine/Content/EngineResources/GradientTexture0.uasset" 107
"../../../Engine/Content/EngineSky/VolumetricClouds/T_NoiseShape64.uasset" 108
"../../../Engine/Content/EngineSky/VolumetricClouds/T_VolumeNoiseShape64.uasset" 109
"../../../Engine/Content/EngineSky/VolumetricClouds/T_NoiseErosion.uasset" 110
"../../../Engine/Content/EngineSky/VolumetricClouds/T_VolumeNoiseErosion32.uasset" 111
"../../../Engine/Content/EngineSky/VolumetricClouds/CloudWeatherTexture.uasset" 112
"../../../Engine/Content/EngineSky/VolumetricClouds/CloudGradientTexture.uasset" 113
"../../../Engine/Content/Functions/Engine_MaterialFunctions02/Utility/MakeFloat2.uasset" 114
"../../../Engine/Content/EngineSky/VolumetricClouds/m_SimpleVolumetricCloud.uasset" 115
"../../../Engine/Content/EngineSky/VolumetricClouds/m_SimpleVolumetricCloud_Inst.uasset" 116
"../../../Engine/Content/EngineSounds/Master.uasset" 117
"../../../Engine/Content/Functions/Engine_MaterialFunctions01/Shading/PowerToRoughness.uasset" 118
"../../../Engine/Content/Maps/Templates/Thumbnails/Default.uasset" 119
"../../../Engine/Content/Maps/Templates/Thumbnails/TimeOfDay.uasset" 120
"../../../Engine/Content/Maps/Templates/Thumbnails/VR-Basic.uasset" 121
"../../../Engine/Content/MobileResources/T_MobileControls_texture.uasset" 122
"../../../Engine/Content/MobileResources/T_MobileMenu2.uasset" 123
"../../../Engine/Content/MobileResources/HUD/AnalogHat.uasset" 124
"../../../Engine/Content/MobileResources/HUD/VirtualJoystick_Thumb.uasset" 125
"../../../Engine/Content/MobileResources/HUD/VirtualJoystick_Background.uasset" 126
"../../../Engine/Content/MobileResources/HUD/DefaultVirtualJoysticks.uasset" 127
"../../../Engine/Content/MobileResources/HUD/LeftVirtualJoystickOnly.uasset" 128
"../../../Engine/Content/MobileResources/HUD/MobileHUDButton1_off.uasset" 129
"../../../Engine/Content/MobileResources/HUD/MobileHUDButton1_on.uasset" 130
"../../../Engine/Content/MobileResources/HUD/MobileHUDButton2_off.uasset" 131
"../../../Engine/Content/MobileResources/HUD/MobileHUDButton2_on.uasset" 132
"../../../Engine/Content/MobileResources/HUD/MobileHUDButton3.uasset" 133
"../../../Engine/Content/MobileResources/HUD/MobileHUDButtonFire.uasset" 134
"../../../Engine/Content/MobileResources/HUD/MobileHUDDirectionPad.uasset" 135
"../../../Engine/Content/MobileResources/HUD/MobileHUDDirectionPad2.uasset" 136
"../../../Engine/Content/MobileResources/HUD/MobileHUDDirectionPad3.uasset" 137
"../../../Engine/Content/MobileResources/HUD/MobileHUDDirectionStick.uasset" 138
"../../../Engine/Content/MobileResources/HUD/T_Castle_ThumbstickInner.uasset" 139
"../../../Engine/Content/MobileResources/HUD/T_Castle_ThumbstickOutter.uasset" 140
"../../../Engine/Content/Tutorial/ContentIntroCurve.uasset" 141
"../../../Engine/Content/Tutorial/Basics/LevelEditorAttract.uasset" 142
"../../../Engine/Content/Tutorial/Basics/TutorialAssets/icon_tab_Levels_40x.uasset" 143
"../../../Engine/Content/Tutorial/Basics/LevelEditorOverview.uasset" 144
"../../../Engine/Content/Tutorial/BlueprintTutorials/TutorialAssets/Blueprint_64x.uasset" 145
"../../../Engine/Content/Tutorial/BlueprintTutorials/BlueprintEditorTutorial.uasset" 146
"../../../Engine/Content/Tutorial/BlueprintTutorials/TutorialAssets/BlueprintInterface_64x.uasset" 147
"../../../Engine/Content/Tutorial/BlueprintTutorials/BlueprintInterfacesEditorOverview.uasset" 148
"../../../Engine/Content/Tutorial/BlueprintTutorials/TutorialAssets/Tutorial_BP_Interface.uasset" 149
"../../../Engine/Content/Tutorial/Code/AddingCode.uasset" 150
"../../../Engine/Content/Tutorial/SubEditors/StaticMeshEditorTutorial.uasset" 151
"../../../Engine/Content/VREditor/TransformGizmo/TranslucentTransformGizmoMaterial.uasset" 152
"../../../Engine/Content/VREditor/LaserPointer/VR_LaserPower_01.uasset" 153
"../../../Engine/Content/VREditor/TransformGizmo/TransformGizmoMaterial.uasset" 154
"../../../Engine/Content/VREditor/TransformGizmo/BoundingBoxCorner.uasset" 155
"../../../Engine/Content/VREditor/TransformGizmo/BoundingBoxEdge.uasset" 156
"../../../Engine/Content/VREditor/TransformGizmo/PlaneTranslationHandle.uasset" 157
"../../../Engine/Content/VREditor/TransformGizmo/Xray.uasset" 158
"../../../Engine/Content/VREditor/TransformGizmo/Main.uasset" 159
"../../../Engine/Content/VREditor/TransformGizmo/SM_Sequencer_Key.uasset" 160
"../../../Engine/Content/VREditor/TransformGizmo/SM_Sequencer_Node.uasset" 161
"../../Plugins/2D/Paper2D/Content/PlaceholderTextures/DummySpriteTexture.uasset" 162
"../../Plugins/2D/Paper2D/Content/DummySprite.uasset" 163
"../../Plugins/2D/Paper2D/Content/DefaultPaperTerrainMaterial.uasset" 164
"../../Plugins/2D/Paper2D/Content/DefaultSpriteMaterial.uasset" 165
"../../Plugins/2D/Paper2D/Content/MaskedUnlitSpriteMaterial.uasset" 166
"../../Plugins/2D/Paper2D/Content/OpaqueUnlitSpriteMaterial.uasset" 167
"../../../Engine/Content/Functions/Engine_MaterialFunctions02/Utility/BreakOutFloat3Components.uasset" 168
"../../Plugins/Editor/SpeedTreeImporter/Content/SpeedTree9/UnpackInteger3.uasset" 169
"../../Plugins/Editor/SpeedTreeImporter/Content/SpeedTree9/UnpackDirection.uasset" 170
"../../Plugins/Editor/SpeedTreeImporter/Content/SpeedTree9/game_wind_noise.uasset" 171
"../../../Engine/Content/Functions/Engine_MaterialFunctions02/SafeNormalize.uasset" 172
"../../Plugins/Editor/SpeedTreeImporter/Content/SpeedTree9/SpeedTreeWindMotion.uasset" 173
"../../Plugins/Editor/SpeedTreeImporter/Content/SpeedTree9/SpeedTreeBranchMotion.uasset" 174
"../../../Engine/Content/Functions/Engine_MaterialFunctions02/ObjectLocalBounds.uasset" 175
"../../../Engine/Content/Functions/Engine_MaterialFunctions02/UVs/BoundingBoxBased_0-1_UVW.uasset" 176
"../../Plugins/Editor/SpeedTreeImporter/Content/SpeedTree9/SpeedTreeWind.uasset" 177
"../../Plugins/Editor/SpeedTreeImporter/Content/SpeedTree9/SpeedTreeBillboard.uasset" 178
"../../../Engine/Content/EngineResources/DefaultTexture.uasset" 179
"../../Plugins/Editor/SpeedTreeImporter/Content/SpeedTree9/SpeedTreeBillboardMaster.uasset" 180
"../../Plugins/Editor/SpeedTreeImporter/Content/SpeedTree9/SpeedTreeCameraFacing.uasset" 181
"../../Plugins/Editor/SpeedTreeImporter/Content/SpeedTree9/SpeedTreeMaster.uasset" 182
"../../../Engine/Content/BasicShapes/Cylinder.uasset" 183
"../../../Engine/Content/ArtTools/RenderToTexture/Materials/Debug/M_Emissive_Color.uasset" 184
"../../Plugins/Lumin/MagicLeapPassableWorld/Content/MagicLeapARPinInfoActor.uasset" 185
"../../../Engine/Content/Functions/Engine_MaterialFunctions02/Utility/BreakOutFloat4Components.uasset" 186
"../../../Engine/Content/Functions/Engine_MaterialFunctions02/Utility/MakeFloat3.uasset" 187
"../../Plugins/Runtime/Oculus/OculusVR/Content/Materials/OculusMR_ChromaKey.uasset" 188
"../../Plugins/Runtime/Oculus/OculusVR/Content/Materials/OculusMR_OpaqueColoredMaterial.uasset" 189
"../../Plugins/Runtime/Oculus/OculusVR/Content/Materials/PokeAHoleMaterial.uasset" 190
"../../../Engine/Content/BasicShapes/Cube.uasset" 191
"../../../Engine/Content/BasicShapes/BasicShapeMaterial.uasset" 192
"D:/2summer/ShootingGameProject/Content/Maps/Main_BuiltData.uasset" 193
"D:/2summer/ShootingGameProject/Content/Assets/Meshes/Wall.uasset" 194
"D:/2summer/ShootingGameProject/Content/Assets/Meshes/polySurface212.uasset" 195
"D:/2summer/ShootingGameProject/Content/Blueprints/bpMovingBackground.uasset" 196
"D:/2summer/ShootingGameProject/Content/MegaBit/Fanfare/Sounds/Victory_02.uasset" 197
"D:/2summer/ShootingGameProject/Content/MegaBit/Fanfare/Sounds/Defeat_01.uasset" 198
"D:/2summer/ShootingGameProject/Content/Assets/Fonts/DungGeunMo.uasset" 199
"D:/2summer/ShootingGameProject/Content/Assets/Fonts/DungGeunMo_Font.uasset" 200
"D:/2summer/ShootingGameProject/Content/UI/GameOver.uasset" 201
"D:/2summer/ShootingGameProject/Content/MegaBit/Music/Sounds/Stage_08.uasset" 202
"../../../Engine/Content/EditorBlueprintResources/StandardMacros.uasset" 203
"D:/2summer/ShootingGameProject/Content/Assets/Imgs/RedFlightimg2.uasset" 204
"D:/2summer/ShootingGameProject/Content/UI/HUD.uasset" 205
"D:/2summer/ShootingGameProject/Content/Blueprints/bpEnemyBase.uasset" 206
"D:/2summer/ShootingGameProject/Content/Assets/Meshes/Yellow.uasset" 207
"D:/2summer/ShootingGameProject/Content/Assets/Meshes/YellowBullet1.uasset" 208
"D:/2summer/ShootingGameProject/Content/Assets/Meshes/polySurface55.uasset" 209
"D:/2summer/ShootingGameProject/Content/Blueprints/bpUserBullet.uasset" 210
"D:/2summer/ShootingGameProject/Content/Assets/Meshes/Flight_Red.uasset" 211
"D:/2summer/ShootingGameProject/Content/Assets/Meshes/Flight_Gun.uasset" 212
"D:/2summer/ShootingGameProject/Content/Assets/Meshes/Flight_Dark.uasset" 213
"D:/2summer/ShootingGameProject/Content/Assets/Meshes/Flight2.uasset" 214
"D:/2summer/ShootingGameProject/Content/Assets/Meshes/RedFlightLevelUp.uasset" 215
"D:/2summer/ShootingGameProject/Content/Assets/Meshes/Flight1.uasset" 216
"D:/2summer/ShootingGameProject/Content/Assets/Meshes/RedFlight.uasset" 217
"D:/2summer/ShootingGameProject/Content/Assets/Meshes/Shield.uasset" 218
"D:/2summer/ShootingGameProject/Content/Assets/Meshes/lambert13.uasset" 219
"D:/2summer/ShootingGameProject/Content/Assets/Meshes/polySurface94.uasset" 220
"D:/2summer/ShootingGameProject/Content/Blueprints/bpPlayer.uasset" 221
"D:/2summer/ShootingGameProject/Content/Blueprints/ItemBase.uasset" 222
"D:/2summer/ShootingGameProject/Content/Assets/Meshes/SpeedUPItem.uasset" 223
"D:/2summer/ShootingGameProject/Content/Assets/Meshes/lambert8.uasset" 224
"D:/2summer/ShootingGameProject/Content/Assets/Meshes/polySurface71.uasset" 225
"D:/2summer/ShootingGameProject/Content/Blueprints/SpeedUpItem.uasset" 226
"D:/2summer/ShootingGameProject/Content/Assets/Meshes/Orange.uasset" 227
"D:/2summer/ShootingGameProject/Content/Assets/Meshes/LevelUpItem.uasset" 228
"D:/2summer/ShootingGameProject/Content/Assets/Meshes/typeMesh4.uasset" 229
"D:/2summer/ShootingGameProject/Content/Blueprints/LevelUpItem.uasset" 230
"D:/2summer/ShootingGameProject/Content/Assets/Meshes/Blue.uasset" 231
"D:/2summer/ShootingGameProject/Content/Blueprints/bpEnemyBullet.uasset" 232
"D:/2summer/ShootingGameProject/Content/Assets/Meshes/LightBlue.uasset" 233
"D:/2summer/ShootingGameProject/Content/Assets/Meshes/Enemy7.uasset" 234
"D:/2summer/ShootingGameProject/Content/Assets/Meshes/DarkBlue.uasset" 235
"D:/2summer/ShootingGameProject/Content/Assets/Meshes/polySurface5113.uasset" 236
"D:/2summer/ShootingGameProject/Content/Blueprints/bpEnemyType7.uasset" 237
"D:/2summer/ShootingGameProject/Content/Assets/Meshes/Window.uasset" 238
"D:/2summer/ShootingGameProject/Content/Assets/Meshes/Enemy6.uasset" 239
"D:/2summer/ShootingGameProject/Content/Assets/Meshes/polySurface5012.uasset" 240
"D:/2summer/ShootingGameProject/Content/Blueprints/bpEnemyType6.uasset" 241
"D:/2summer/ShootingGameProject/Content/Blueprints/bpEnemyBullet_2.uasset" 242
"D:/2summer/ShootingGameProject/Content/Assets/Meshes/Enemy5.uasset" 243
"D:/2summer/ShootingGameProject/Content/Assets/Meshes/polySurface4922.uasset" 244
"D:/2summer/ShootingGameProject/Content/Blueprints/bpEnemyType5.uasset" 245
"D:/2summer/ShootingGameProject/Content/Assets/Meshes/Enemy4.uasset" 246
"D:/2summer/ShootingGameProject/Content/Assets/Meshes/polySurface4883.uasset" 247
"D:/2summer/ShootingGameProject/Content/Blueprints/bpEnemyType4.uasset" 248
"D:/2summer/ShootingGameProject/Content/Assets/Meshes/Enemy3.uasset" 249
"D:/2summer/ShootingGameProject/Content/Assets/Meshes/polySurface971.uasset" 250
"D:/2summer/ShootingGameProject/Content/Blueprints/bpEnemyType3.uasset" 251
"D:/2summer/ShootingGameProject/Content/Assets/Meshes/Enemy2.uasset" 252
"D:/2summer/ShootingGameProject/Content/Assets/Meshes/polySurface952.uasset" 253
"D:/2summer/ShootingGameProject/Content/Blueprints/bpEnemyType2.uasset" 254
"D:/2summer/ShootingGameProject/Content/Assets/Meshes/newBlue.uasset" 255
"D:/2summer/ShootingGameProject/Content/Assets/Meshes/lambert4.uasset" 256
"D:/2summer/ShootingGameProject/Content/Assets/Meshes/Enemy1.uasset" 257
"D:/2summer/ShootingGameProject/Content/Assets/Meshes/polySurface822.uasset" 258
"D:/2summer/ShootingGameProject/Content/Blueprints/bpEnemyType1.uasset" 259
"D:/2summer/ShootingGameProject/Content/Assets/Meshes/polySurface94_2.uasset" 260
"D:/2summer/ShootingGameProject/Content/Blueprints/bpEnemyBullet_3.uasset" 261
"D:/2summer/ShootingGameProject/Content/Assets/Meshes/BossFlying.uasset" 262
"D:/2summer/ShootingGameProject/Content/Assets/Meshes/polySurface4606.uasset" 263
"D:/2summer/ShootingGameProject/Content/Assets/Meshes/Boss2.uasset" 264
"D:/2summer/ShootingGameProject/Content/Assets/Meshes/polySurface4366.uasset" 265
"D:/2summer/ShootingGameProject/Content/Blueprints/bpBoss2.uasset" 266
"D:/2summer/ShootingGameProject/Content/Assets/Meshes/missile.uasset" 267
"D:/2summer/ShootingGameProject/Content/Assets/Meshes/polySurface260.uasset" 268
"D:/2summer/ShootingGameProject/Content/Blueprints/bpEnemyMissile.uasset" 269
"D:/2summer/ShootingGameProject/Content/Assets/Meshes/Boss1.uasset" 270
"D:/2summer/ShootingGameProject/Content/Assets/Meshes/polySurface2404.uasset" 271
"D:/2summer/ShootingGameProject/Content/Blueprints/bpBoss1.uasset" 272
"D:/2summer/ShootingGameProject/Content/Assets/Meshes/BoostItem.uasset" 273
"D:/2summer/ShootingGameProject/Content/Assets/Meshes/polySurface562.uasset" 274
"D:/2summer/ShootingGameProject/Content/Blueprints/BoostItem.uasset" 275
"D:/2summer/ShootingGameProject/Content/Blueprints/bpGameMode.uasset" 276
"D:/2summer/ShootingGameProject/Content/Maps/Main.umap" 277
"D:/2summer/ShootingGameProject/Content/UI/StartScreen.uasset" 278
"D:/2summer/ShootingGameProject/Content/Maps/Menu_BuiltData.uasset" 279
"D:/2summer/ShootingGameProject/Content/Maps/Menu.umap" 280
"../../../Engine/Content/Maps/Entry_BuiltData.uasset" 281
"../../../Engine/Content/Maps/Entry.umap" 282
